<?xml version="1.0" encoding="UTF-8"?>
<!-- Generated by org.testng.reporters.JUnitXMLReporter -->
<testsuite hostname="LIN60015134" name="Test" tests="3" failures="3" timestamp="24 Jun 2019 06:48:26 GMT" time="369.336" errors="0">
  <testcase name="loginAmazon" time="6.507" classname="qa.amazon.test_scenarios.LoginToAmazon">
    <failure type="java.lang.AssertionError" message="expected [Online Shopping site in India: Shop Online for Mobiles, Books, Watches, Shoes and More - Amazon.in] but found [Amazon Sign In]">
      <![CDATA[java.lang.AssertionError: expected [Online Shopping site in India: Shop Online for Mobiles, Books, Watches, Shoes and More - Amazon.in] but found [Amazon Sign In]
	at qa.amazon.test_scenarios.LoginToAmazon.loginAmazon(LoginToAmazon.java:39)
... Removed 29 stack frames]]>
    </failure>
  </testcase> <!-- loginAmazon -->
  <testcase name="searchProduct" time="181.197" classname="qa.amazon.test_scenarios.AmazonHomePageAfterSignUp">
    <failure type="org.openqa.selenium.TimeoutException" message="Expected condition failed: waiting for qa.amazon.base.BaseTestPageObject$1@79207381 (tried for 180 second(s) with 5 SECONDS interval)">
      <![CDATA[org.openqa.selenium.TimeoutException: Expected condition failed: waiting for qa.amazon.base.BaseTestPageObject$1@79207381 (tried for 180 second(s) with 5 SECONDS interval)
	at org.openqa.selenium.support.ui.FluentWait.timeoutException(FluentWait.java:264)
	at org.openqa.selenium.support.ui.FluentWait.until(FluentWait.java:232)
	at qa.amazon.base.BaseTestPageObject.findElementSafely(BaseTestPageObject.java:33)
	at qa.amazon.PO.Amazon_HomePagePO.enterSearchProductName(Amazon_HomePagePO.java:23)
	at qa.amazon.test_scenarios.AmazonHomePageAfterSignUp.searchProduct(AmazonHomePageAfterSignUp.java:23)
Caused by: org.openqa.selenium.NoSuchElementException: no such element: Unable to locate element: {"method":"xpath","selector":"//input[@id='twotabsearchtextbox']"}
  (Session info: chrome=75.0.3770.100)
For documentation on this error, please visit: http://seleniumhq.org/exceptions/no_such_element.html
Build info: version: '3.4.0', revision: 'unknown', time: 'unknown'
System info: host: 'LIN60015134', ip: '20.1.0.202', os.name: 'Windows 10', os.arch: 'amd64', os.version: '10.0', java.version: '1.8.0_121'
Driver info: org.openqa.selenium.chrome.ChromeDriver
Capabilities [{networkConnectionEnabled=false, chrome={chromedriverVersion=75.0.3770.90 (a6dcaf7e3ec6f70a194cc25e8149475c6590e025-refs/branch-heads/3770@{#1003}), userDataDir=C:\Users\himansja\AppData\Local\Temp\scoped_dir8972_9615}, timeouts={implicit=0.0, pageLoad=300000.0, script=30000.0}, pageLoadStrategy=normal, unhandledPromptBehavior=dismiss and notify, strictFileInteractability=false, platform=ANY, proxy=Proxy(), goog:chromeOptions={debuggerAddress=localhost:65298}, acceptInsecureCerts=false, browserVersion=75.0.3770.100, browserName=chrome, javascriptEnabled=true, platformName=windows nt, setWindowRect=true}]
Session ID: e25ccc9305656dbe66fda04a1c27fe86
*** Element info: {Using=xpath, value=//input[@id='twotabsearchtextbox']}
	at org.openqa.selenium.remote.http.W3CHttpResponseCodec.createException(W3CHttpResponseCodec.java:150)
	at org.openqa.selenium.remote.http.W3CHttpResponseCodec.decode(W3CHttpResponseCodec.java:115)
	at org.openqa.selenium.remote.http.W3CHttpResponseCodec.decode(W3CHttpResponseCodec.java:45)
	at org.openqa.selenium.remote.HttpCommandExecutor.execute(HttpCommandExecutor.java:164)
	at org.openqa.selenium.remote.service.DriverCommandExecutor.execute(DriverCommandExecutor.java:82)
	at org.openqa.selenium.remote.RemoteWebDriver.execute(RemoteWebDriver.java:637)
	at org.openqa.selenium.remote.RemoteWebDriver.findElement(RemoteWebDriver.java:410)
	at org.openqa.selenium.remote.RemoteWebDriver.findElementByXPath(RemoteWebDriver.java:509)
	at org.openqa.selenium.By$ByXPath.findElement(By.java:361)
	at org.openqa.selenium.remote.RemoteWebDriver.findElement(RemoteWebDriver.java:402)
	at qa.amazon.base.BaseTestPageObject$1.apply(BaseTestPageObject.java:35)
	at qa.amazon.base.BaseTestPageObject$1.apply(BaseTestPageObject.java:1)
	at org.openqa.selenium.support.ui.FluentWait.until(FluentWait.java:209)
	... 27 more
... Removed 27 stack frames]]>
    </failure>
  </testcase> <!-- searchProduct -->
  <testcase name="searchProduckAndClick" time="181.569" classname="qa.amazon.test_scenarios.SearchResult">
    <failure type="org.openqa.selenium.TimeoutException" message="Expected condition failed: waiting for qa.amazon.base.BaseTestPageObject$1@6b09fb41 (tried for 180 second(s) with 5 SECONDS interval)">
      <![CDATA[org.openqa.selenium.TimeoutException: Expected condition failed: waiting for qa.amazon.base.BaseTestPageObject$1@6b09fb41 (tried for 180 second(s) with 5 SECONDS interval)
	at org.openqa.selenium.support.ui.FluentWait.timeoutException(FluentWait.java:264)
	at org.openqa.selenium.support.ui.FluentWait.until(FluentWait.java:232)
	at qa.amazon.base.BaseTestPageObject.findElementSafely(BaseTestPageObject.java:33)
	at qa.amazon.base.BaseTestPageObject.getTextOfElement(BaseTestPageObject.java:69)
	at qa.amazon.PO.Amazon_SearchPagePO.clickOnSearchedProduct(Amazon_SearchPagePO.java:34)
	at qa.amazon.test_scenarios.SearchResult.searchProduckAndClick(SearchResult.java:19)
Caused by: org.openqa.selenium.NoSuchElementException: no such element: Unable to locate element: {"method":"xpath","selector":"//li//following-sibling::li[@class='a-disabled']"}
  (Session info: chrome=75.0.3770.100)
For documentation on this error, please visit: http://seleniumhq.org/exceptions/no_such_element.html
Build info: version: '3.4.0', revision: 'unknown', time: 'unknown'
System info: host: 'LIN60015134', ip: '20.1.0.202', os.name: 'Windows 10', os.arch: 'amd64', os.version: '10.0', java.version: '1.8.0_121'
Driver info: org.openqa.selenium.chrome.ChromeDriver
Capabilities [{networkConnectionEnabled=false, chrome={chromedriverVersion=75.0.3770.90 (a6dcaf7e3ec6f70a194cc25e8149475c6590e025-refs/branch-heads/3770@{#1003}), userDataDir=C:\Users\himansja\AppData\Local\Temp\scoped_dir8972_9615}, timeouts={implicit=0.0, pageLoad=300000.0, script=30000.0}, pageLoadStrategy=normal, unhandledPromptBehavior=dismiss and notify, strictFileInteractability=false, platform=ANY, proxy=Proxy(), goog:chromeOptions={debuggerAddress=localhost:65298}, acceptInsecureCerts=false, browserVersion=75.0.3770.100, browserName=chrome, javascriptEnabled=true, platformName=windows nt, setWindowRect=true}]
Session ID: e25ccc9305656dbe66fda04a1c27fe86
*** Element info: {Using=xpath, value=//li//following-sibling::li[@class='a-disabled']}
	at org.openqa.selenium.remote.http.W3CHttpResponseCodec.createException(W3CHttpResponseCodec.java:150)
	at org.openqa.selenium.remote.http.W3CHttpResponseCodec.decode(W3CHttpResponseCodec.java:115)
	at org.openqa.selenium.remote.http.W3CHttpResponseCodec.decode(W3CHttpResponseCodec.java:45)
	at org.openqa.selenium.remote.HttpCommandExecutor.execute(HttpCommandExecutor.java:164)
	at org.openqa.selenium.remote.service.DriverCommandExecutor.execute(DriverCommandExecutor.java:82)
	at org.openqa.selenium.remote.RemoteWebDriver.execute(RemoteWebDriver.java:637)
	at org.openqa.selenium.remote.RemoteWebDriver.findElement(RemoteWebDriver.java:410)
	at org.openqa.selenium.remote.RemoteWebDriver.findElementByXPath(RemoteWebDriver.java:509)
	at org.openqa.selenium.By$ByXPath.findElement(By.java:361)
	at org.openqa.selenium.remote.RemoteWebDriver.findElement(RemoteWebDriver.java:402)
	at qa.amazon.base.BaseTestPageObject$1.apply(BaseTestPageObject.java:35)
	at qa.amazon.base.BaseTestPageObject$1.apply(BaseTestPageObject.java:1)
	at org.openqa.selenium.support.ui.FluentWait.until(FluentWait.java:209)
	... 28 more
... Removed 27 stack frames]]>
    </failure>
  </testcase> <!-- searchProduckAndClick -->
</testsuite> <!-- Test -->
